<?xml version="1.0"?>
<wiki>
<page>
<title>gen</title>
<text>
== gen ({{język polski}}) ==
{{znaczenia}}
''rzeczownik, rodzaj męskorzeczowy''
: (1.1) {{biol}} [[część]] [[chromosom]]ów [[jądro|jądra]] [[komórkowy|komórkowego]],
[[podstawowy|podstawowa]] [[jednostka]] [[dziedziczność|dziedziczności]] [[odpowiedzialny|odpowiedzialna]]
[[za]] [[przekazanie]] [[cecha|cech]] [[dziedziczny]]ch [[organizm]]u; {{wikipedia}}
{{odmiana}}
: (1.1) {{odmiana-rzeczownik-polski
|Mianownik lp = gen
|Dopełniacz lp = genu
|Celownik lp = genowi
|Biernik lp = gen
|Narzędnik lp = genem
|Miejscownik lp = genie
|Wołacz lp = genie
|Mianownik lm = geny
|Dopełniacz lm = genów
|Celownik lm = genom
|Biernik lm = geny
|Narzędnik lm = genami
|Miejscownik lm = genach
|Wołacz lm = geny
}}
{{przykłady}}
: (1.1)
{{składnia}}
{{kolokacje}}
{{synonimy}}
{{antonimy}}
{{hiperonimy}}
{{hiponimy}}
{{holonimy}}
{{meronimy}}
{{pokrewne}}
: {{rzecz}} [[genetyk]] {{m}}, [[genetyka]] {{f}}, [[genotyp]] {{m}}
: {{przym}} [[genowy]], [[genetyczny]], [[genetycznie]]
{{frazeologia}}
</text>
</page>

<page>
<title>gem</title>
<text>
== gem ({{język polski}}) ==
{{znaczenia}}
''rzeczownik, rodzaj męskozwierzęcy''
: (1.1) {{sport}} [[część]] [[set]]a [[w]] [[tenis]]ie
{{odmiana}}
: (1.1) {{odmiana-rzeczownik-polski
|Mianownik lp = gem
|Dopełniacz lp = gema
|Celownik lp = gemowi
|Biernik lp = gema
|Narzędnik lp = gemem
|Miejscownik lp = gemie
|Wołacz lp = gemie
|Mianownik lm = gemy
|Dopełniacz lm = gemów
|Celownik lm = gemom
|Biernik lm = gemy
|Narzędnik lm = gemami
|Miejscownik lm = gemach
|Wołacz lm = gemy}}
{{przykłady}}
: (1.1) ''[[mieć|Miełem]] [[trzy]] [[gem]]y [[przewaga|przewagi]], [[ale]] [[przegrać|przegrałem]]
[[set]]a.''
{{składnia}}
{{kolokacje}}
{{synonimy}}
{{antonimy}}
{{hiperonimy}}
{{hiponimy}}
{{holonimy}}
{{meronimy}}
{{pokrewne}}
{{frazeologia}}
</text>
</page>

<page>
<title>babka z piasku</title>
<text>
== [[babka]] [[z]] [[piasek|piasku]] ({{język polski}}) ==
{{znaczenia}}
''fraza rzeczownikowa, rodzaj żeński''
: (1.1) [[bryła]] [[zlepić|zlepionego]] [[piasek|piasku]], [[robić|robiona]] [[przez]] [[dziecko|dzieci]]
[[w]] [[piaskownica|piaskownicy]] [[lub]] [[na]] [[plaża|plaży]]
{{odmiana}}
: (1.1) {{zw rz}}, {{odmiana-rzeczownik-polski
|Mianownik lp = babka z piasku
|Dopełniacz lp = babki z piasku
|Celownik lp = babce z piasku
|Biernik lp = babkę z piasku
|Narzędnik lp = babką z piasku
|Miejscownik lp = babce z piasku
|Wołacz lp = babko z piasku
|Mianownik lm = babki z piasku
|Dopełniacz lm = babek z piasku
|Celownik lm = babkom z piasku
|Biernik lm = babki z piasku
|Narzędnik lm = babkami z piasku
|Miejscownik lm = babkach z piasku
|Wołacz lm = babki z piasku
}}
{{przykłady}}
: (1.1) ''[[kiedy|Kiedy]] [[być|byłem]] [[mały]], [[uwielbiać|uwielbiałem]] [[lepić]] [[babka z piasku|babki
z piasku]].''
: (1.1) ''[[dziecko|Dzieci]] [[być|były]] [[tak]] [[zaabsorbować|zaabsorbowane]] [[lepienie]]m [[babka z
piasku|babek z piasku]], [[że]] [[nie]] [[słyszeć|słyszały]] [[wołanie|wołania]] [[matka|matki]].''
{{składnia}}
{{kolokacje}}
: (1.1) [[robić]] / [[lepić]] / [[stawiać]] babki z piasku
{{synonimy}}
{{antonimy}}
{{hiperonimy}}
{{hiponimy}}
{{holonimy}}
{{meronimy}}
{{pokrewne}}
{{frazeologia}}
</text>
</page>

<page>
<title>ges</title>
<text>
== ges ({{język polski}}) ==
{{znaczenia}}
''rzeczownik, rodzaj nijaki''
: (1.1) {{muz}} [[dźwięk]] [[g#inter|g]] [[obniżyć|obniżony]] [[o]] [[półton]]; {{wikipedia}}
{{odmiana}}
: (1.1) {{nieodm-rzeczownik-polski}}
{{przykłady}}
: (1.1)
{{składnia}}
{{kolokacje}}
{{synonimy}}
: (1.1) {{symbol}} [[G♭]]
{{antonimy}}
{{hiperonimy}}
{{hiponimy}}
{{holonimy}}
{{meronimy}}
{{pokrewne}}
{{frazeologia}}
</text>
</page>
</wiki>
