<?xml version="1.0"?>
<wiki>
<page>
<title>wzgórze</title>
<text>
== wzgórze ({{język polski}}) ==
{{znaczenia}}
''rzeczownik, rodzaj męskorzeczowy''
: (1.1) {{geogr}} [[niewielki]]e [[wzniesienie]] [[(]][[do]] [[sto|stu]] [[metr]]ów[[)]] [[o]]
[[zaokrąglony]]m [[szczyt|szczycie]]; {{wikipedia|wzgórze (geografia)}}
: (1.2) {{med}} [[część]] [[międzymózgowie|międzymózgowia]] [[znajdować się|znajdująca się]] [[pod]]
[[spoidło|spoidłem]] [[wielki]]m; {{wikipedia|wzgórze (anatomia)}}
{{odmiana}}
: (1.1-2) {{odmiana-rzeczownik-polski
|Mianownik lp = wzgórze
|Dopełniacz lp = wzgórza
|Celownik lp = wzgórzu
|Biernik lp = wzgórze
|Narzędnik lp = wzgórzem
|Miejscownik lp = wzgórzu
|Wołacz lp = wzgórze
|Mianownik lm = wzgórza
|Dopełniacz lm = wzgórz
|Celownik lm = wzgórzom
|Biernik lm = wzgórza
|Narzędnik lm = wzgórzami
|Miejscownik lm = wzgórzach
|Wołacz lm = wzgórza
}}
{{przykłady}}
: (1.1) ''[[ujrzeć|Ujrzeli]] [[wzgórze]] [[porośnięty|porośnięte]] [[trawa|trawą]].''
: (1.2) ''[[wzgórze|Wzgórze]] [[odpowiadać|odpowiada]] [[za]] [[wstępny|wstępną]] [[ocena|ocenę]]
[[bodziec|bodźców]] [[zmysłowy]]ch [[i]] [[przesyłanie]] [[one|ich]] [[do]] [[kora|kory]]
[[mózgowy|mózgowej]]'' (z [[w:Wzgórze (anatomia)|Wikipedii]])
{{składnia}}
{{kolokacje}}
{{synonimy}}
: (1.1) [[góra|górka]], [[wzgórek]], [[wzniesienie]]
{{antonimy}}
: (1.1) [[dolina]]
{{hiperonimy}}
: (1.1) [[wzniesienie]]
{{hiponimy}}
{{holonimy}}
{{meronimy}}
{{pokrewne}}
: {{rzecz}} [[góra]] {{f}}, [[wzgórek]] {{m}}
: {{przym}} [[wzgórzowy]], [[górski]]
{{frazeologia}}
</text>
</page>

<page>
<title>flep</title>
<text>
== flep ({{język polski}}) ==
{{znaczenia}}
''rzeczownik, rodzaj męskorzeczowy''
: (1.1) {{poznań}} [[dokument]]
: (1.2) {{poznań}} {{rzad}} [[pieczątka]] [[na]] [[dokument|dokumencie]]
{{odmiana}}
: (1.1-2) {{odmiana-rzeczownik-polski
|Mianownik lp = flep
|Dopełniacz lp = flepu
|Celownik lp = flepowi
|Biernik lp = flep
|Narzędnik lp = flepem
|Miejscownik lp = flepie
|Wołacz lp = flepie
|Mianownik lm = flepy
|Dopełniacz lm = flepów
|Celownik lm = flepom
|Biernik lm = flepy
|Narzędnik lm = flepami
|Miejscownik lm = flepach
|Wołacz lm = flepy
}}
{{przykłady}}
: (1.1) ''[[nie|Nie]] [[móc|mogę]] [[znaleźć]] [[te|tych]] [[flep]]ów.''
: (1.1) ''[[musieć|Muszę]] [[zanieść]] [[ten]] [[flep]] [[do]] [[magistrat]]u.''
{{składnia}}
{{kolokacje}}
{{synonimy}}
: (1.1) [[dokument]]
{{antonimy}}
{{hiperonimy}}
{{hiponimy}}
{{holonimy}}
{{meronimy}}
{{pokrewne}}
{{frazeologia}}
</text>
</page>

<page>
<title>flet</title>
<text>
== flet ({{język polski}}) ==
{{znaczenia}}
''rzeczownik, rodzaj męskorzeczowy''
: (1.1) {{muz}} [[instrument]] [[muzyczny]]; {{wikipedia}}
: (1.2) {{muz}} [[głos]] [[organowy]] [[o]] [[brzmienie|brzmieniu]] fletu (1.1)
''rzeczownik męskorzeczowy, rodzaj męski''
: (2.1) {{grub}} {{posp}} [[penis]]
{{odmiana}}
: (1.1) {{odmiana-rzeczownik-polski
|Mianownik lp = flet
|Dopełniacz lp = fletu
|Celownik lp = fletowi
|Biernik lp = flet
|Narzędnik lp = fletem
|Miejscownik lp = flecie
|Wołacz lp = flecie
|Mianownik lm = flety
|Dopełniacz lm = fletów
|Celownik lm = fletom
|Biernik lm = flety
|Narzędnik lm = fletami
|Miejscownik lm = fletach
|Wołacz lm = flety
}}
: (2.1) {{odmiana-rzeczownik-polski
|Mianownik lp = flet
|Dopełniacz lp = fleta
|Celownik lp = fletowi
|Biernik lp = fleta
|Narzędnik lp = fletem
|Miejscownik lp = flecie
|Wołacz lp = flecie
|Mianownik lm =
|Dopełniacz lm =
|Celownik lm =
|Biernik lm =
|Narzędnik lm =
|Miejscownik lm =
|Wołacz lm =
}}
{{przykłady}}
: (1.1) ''[[nauka|Naukę]] [[gra|gry]] [[na]] [[flet|flecie]] [[zacząć|zaczęliśmy]] [[od]]
[[melodia|melodii]] „[[wyjść|Wyszły]] [[w]] [[pole]] [[kurka|kurki]] [[trzy]]”.''
{{składnia}}
{{kolokacje}}
: (1.1) [[grać]] [[na]] [[flet|flecie]] • [[nauka]] [[gra|gry]] / [[gra]] [[na]] flecie
: (2.1) [[wyciągnąć]] / [[wyciągać]] / [[wyjąć]] / [[wyjmować]] fleta
{{synonimy}}
: (2.1) [[fiut]]
{{antonimy}}
{{hiperonimy}}
{{hiponimy}}
: (1.1) [[flet poprzeczny]], [[flet prosty]]
{{holonimy}}
{{meronimy}}
{{pokrewne}}
: {{rzecz}} [[flecista]] {{m}}, [[flecistka]] {{f}}, [[fletnia]] {{f}}
: {{przym}} [[fletowy]]
{{frazeologia}}
</text>
</page>

<page>
<title>nartnik</title>
<text>
== nartnik ({{język polski}}) ==
{{znaczenia}}
''rzeczownik, rodzaj męskozwierzęcy''
: (1.1) {{zool}} {{ent}} [[owad]] [[z]] [[rodzina|rodziny]] {{nazwa systematyczna|Gerridae|ref=tak}},
[[nartnikowate|nartnikowatych]], [[z]] [[podrząd|podrzędu]] [[pluskwiaki różnoskrzydłe|pluskwiaków
różnoskrzydłych]], [[który]] [[potrafić|potrafi]] [[chodzić]] [[po]] [[powierzchnia|powierzchni]]
[[woda|wody]]
{{odmiana}}
{{przykłady}}
: (1.1)
{{składnia}}
{{kolokacje}}
{{synonimy}}
{{antonimy}}
{{hiperonimy}}
{{hiponimy}}
{{holonimy}}
{{meronimy}}
{{pokrewne}}
: {{rzecz}} [[narta]] {{f}}, [[narciarz]] {{m}}, [[narciarka]] {{f}}, [[narciarstwo]] {{n}},
[[nartnikowate]] {{nmos}}
: {{przym}} [[nartnikowy]], [[narciarski]]
{{frazeologia}}
</text>
</page>

<page>
<title>flek</title>
<text>
== flek ({{język polski}}) ==
{{znaczenia}}
''rzeczownik, rodzaj męskorzeczowy''
: (1.1) {{rzem}} [[ochronny|ochronne]] [[umocnienie]] [[obcas]]a [[wykonać|wykonane]] [[z]] [[guma|gumy]]
[[lub]] [[tworzywo sztuczne|sztucznego tworzywa]]
{{odmiana}}
: (1.1) {{odmiana-rzeczownik-polski
|Mianownik lp = flek
|Dopełniacz lp = fleka / fleku
|Celownik lp = flekowi
|Biernik lp = flek
|Narzędnik lp = flekiem
|Miejscownik lp = fleku
|Wołacz lp = fleku
|Mianownik lm = fleki
|Dopełniacz lm = fleków
|Celownik lm = flekom
|Biernik lm = fleki
|Narzędnik lm = flekami
|Miejscownik lm = flekach
|Wołacz lm = fleki
}}
{{przykłady}}
: (1.1) ''[[iść|Idę]] [[do]] [[sklep]]u [[obuwniczy|obuwniczego]], [[musieć|muszę]] [[kupić]] [[flek]]i,
[[sznurówka|sznurówki]] [[i]] [[wkładka do butów|wkładki do butów]].''
{{składnia}}
{{kolokacje}}
: (1.1) [[zedrzeć]] fleki • [[wymienić]] flek
{{synonimy}}
{{antonimy}}
{{hiperonimy}}
{{hiponimy}}
{{holonimy}}
{{meronimy}}
{{pokrewne}}
{{frazeologia}}
: [[być na fleku]]
</text>
</page>

<page>
<title>"</title>
<text>
== [[powiedzieć]] [[sobie]] "[[tak]]" ({{język polski}}) ==
: {{ortograficzny|powiedzieć sobie tak}}, {{IPA3|pɔˈvʲjɛ̇ʥ̑ɛ̇ʨ̑ ˈsɔbʲjɛ ˈtak}}, {{AS3|povʹi ̯'''ė'''ʒ́ėć
s'''o'''bʹi ̯e t'''a'''k}}, {{objaśnienie wymowy|ZM|PWART|IJ}}
{{znaczenia}}
''związek frazeologiczny''
: (1.1) [[zawierać|zawrzeć]] [[związek małżeński]]
{{odmiana}}
{{przykłady}}
: (1.1)
{{składnia}}
{{kolokacje}}
{{synonimy}}
{{antonimy}}
{{hiperonimy}}
{{hiponimy}}
{{holonimy}}
{{meronimy}}
{{pokrewne}}
{{frazeologia}}
</text>
</page>

<page>
<title>czwóra</title>
<text>
== czwóra ({{język polski}}) ==
{{znaczenia}}
''rzeczownik, rodzaj żeński''
: (1.1) {{uczn}} {{zgrub}} ''od'': [[czwórka]]
{{odmiana}}
: (1.1) {{odmiana-rzeczownik-polski
|Mianownik lp = czwóra
|Dopełniacz lp = czwóry
|Celownik lp = czwórze
|Biernik lp = czwórę
|Narzędnik lp = czwórą
|Miejscownik lp = czwórze
|Wołacz lp = czwóro
|Mianownik lm = czwóry
|Dopełniacz lm = czwór
|Celownik lm = czwórom
|Biernik lm = czwóry
|Narzędnik lm = czwórami
|Miejscownik lm = czwórach
|Wołacz lm = czwóry
}}
{{przykłady}}
: (1.1) ''[[mój|Moja]] [[nauczycielka]] [[z]] [[angielski]]ego [[to]] [[straszny|straszna]] [[piła]].
[[nawet|Nawet]] [[dziewczyna]], [[który|która]] [[być|jest]] [[zawsze]] [[przygotować|przygotowana]],
[[mieć|ma]] [[u]] [[ona|niej]] [[czwóra|czwórę]].''
{{składnia}}
{{kolokacje}}
{{synonimy}}
{{antonimy}}
{{hiperonimy}}
{{hiponimy}}
{{holonimy}}
{{meronimy}}
{{pokrewne}}
: {{rzecz}} [[czwórka]] {{f}}
{{frazeologia}}
</text>
</page>

<page>
<title>dźwięczny</title>
<text>
== dźwięczny ({{język polski}}) ==
{{znaczenia}}
''przymiotnik''
: (1.1) [[o]] [[mocny]]m, [[harmonijny]]m, [[czysty]]m [[brzmienie|brzmieniu]]
: (1.2) {{jęz}} [[wymawiać|wymawiany]] [[przy]] [[zsunąć|zsuniętych]] [[i]] [[drgać|drgających]]
[[więzadło|więzadłach]] [[głosowy]]ch
<ref name="PWN">{{SJPonline|id=2456010|hasło=dźwięczny}}</ref>
{{odmiana}}
: (1.1) {{odmiana-przymiotnik-polski|dźwięczniejszy}}
: (1.2) {{odmiana-przymiotnik-polski|brak}}
{{przykłady}}
: (1.1)
{{składnia}}
{{kolokacje}}
{{synonimy}}
: (1.1) [[jasny]], [[klarowny]]
{{antonimy}}
: (1.1-2) [[bezdźwięczny]]
{{hiperonimy}}
: (1.1) [[czysty]], [[głośny]], [[wysoki]]
{{hiponimy}}
: (1.1) [[kryształowy]], [[melodyjny]], [[metaliczny]], [[mosiężny]], [[perlisty]], [[spiżowy]], [[srebrny]]
<ref>{{USJPonline}}</ref>
{{holonimy}}
{{meronimy}}
{{pokrewne}}
: {{rzecz}} [[dźwięczność]] {{f}}, [[dźwięk]] {{mrz}}, [[dźwiękowiec]] {{mos}}, [[dźwięczenie]] {{n}},
[[dźwięknięcie]] {{n}}
: {{czas}} [[dźwięczeć]] {{ndk}}, [[dźwięknąć]] {{dk}}
: {{przym}} [[dźwiękowy]], [[dźwiękliwy]]
: {{przysł}} [[dźwięcznie]], [[dźwiękowo]]
{{frazeologia}}
</text>
</page>

<page>
<title>;</title>
<text>
== ; ({{język polski}}) ==
{{znaczenia}}
''znak interpunkcyjny''
: (1.1) [[średnik]]
{{odmiana}}
: (1.1) {{nieodm}}
{{przykłady}}
: (1.1)
{{składnia}}
{{kolokacje}}
{{synonimy}}
{{antonimy}}
{{hiperonimy}}
{{hiponimy}}
{{holonimy}}
{{meronimy}}
{{pokrewne}}
{{frazeologia}}
</text>
</page>

<page>
<title>konwertowanie</title>
<text>
== konwertowanie ({{język polski}}) ==
{{znaczenia}}
''rzeczownik, rodzaj nijaki''
: (1.1) {{odczasownikowy od|konwertować}}
{{odmiana}}
: (1.1) {{blm}}, {{odmiana-rzeczownik-polski
|Mianownik lp = konwertowanie
|Dopełniacz lp = konwertowania
|Celownik lp = konwertowaniu
|Biernik lp = konwertowanie
|Narzędnik lp = konwertowaniem
|Miejscownik lp = konwertowaniu
|Wołacz lp = konwertowanie
}}
{{przykłady}}
: (1.1)
{{składnia}}
{{kolokacje}}
{{synonimy}}
{{antonimy}}
: (1.1) [[niekonwertowanie]]
{{hiperonimy}}
{{hiponimy}}
{{holonimy}}
{{meronimy}}
{{pokrewne}}
: {{czas}} [[konwertować]] {{ndk}}
: {{rzecz}} [[konwertyta]] {{mos}}
{{frazeologia}}
</text>
</page>

<page>
<title>Z</title>
<text>
== Z ({{język polski}}) ==
{{znaczenia}}
''symbol''
: (1.1) … [[określać|określający]] [[znormalizowany|znormalizowaną]] [[wielkość]] [[model]]u
[[kolejowy|kolejowego]]; {{wikipedia|skala Z}}
{{odmiana}}
{{przykłady}}
: (1.1) ''[[model|Modele]] [[H0]] [[mieć|mają]] [[skala|skalę]] [[1]]:[[200|2]][[20]], [[a]] [[szerokość]]
[[tor]]u [[6]][[,]][[5]] [[mm]].''
{{składnia}}
{{kolokacje}}
{{synonimy}}
{{antonimy}}
{{hiperonimy}}
{{hiponimy}}
{{holonimy}}
{{meronimy}}
{{pokrewne}}
{{frazeologia}}
</text>
</page>

<page>
<title>a</title>
<text>
== a ({{język polski}}) ==
{{litera|Aa|[[wielki|wielka]] [[i]] [[mały|mała]] [[litera]] A (4.1)}}
{{znaczenia}}
''spójnik używany przy wprowadzaniu''
: (1.1) ''…uzupełniania''
: (1.2) ''…przeciwstawności''
: (1.3) ''…wynikania''
: (1.4) ''…objaśnień''
''partykuła''
: (2.1) ''…wzmacniająca''
''wykrzyknik''
: (3.1) [[wyraz]] [[zaskoczenie|zaskoczenia]], [[zdziwienie|zdziwienia]]
''rzeczownik, rodzaj nijaki''
: (4.1) {{jęz}} [[pierwszy|pierwsza]] [[litera]] [[polski]]ego [[alfabet]]u; {{wikipedia}}
''przedrostek''
: (5.1) {{zob|a-}}
{{odmiana}}
: {{nieodm}}
{{przykłady}}
: (1.1) ''[[Ala]] [[mieć|ma]] [[As]]a ([[pies|psa]] [[o]] [[imię|imieniu]] [[As]]), [[a]] As [[mieć|ma]]
[[kość]].''
: (1.2) ''[[Ala]] [[lubić|lubi]] Asa, [[a]] [[ja]] ([[on|go]]) [[nie]] ([[lubić|lubię]]).''
: (1.3) ''As [[pogryźć|pogryzł]] [[Ala|Alę]], [[a]] [[to]] [[oznaczać|oznacza]]
[[wścieklizna|wściekliznę]].''
: (1.4) ''[[Ala]] [[mieć|ma]] Asa, [[a]] [[być|jest]] [[to]] [[mądry]] [[pies]].''
: (2.1) ''[[a|A]] [[nie]] [[mówić|mówiłem]]!''
: (3.1) ''[[a|A]], [[to]] [[znowu]] [[on]]!''
: (4.1) ''[[to|To]] [[mały|małe]] [[a]] [[napisać|napisałeś]] [[okropnie]] [[koślawo]].''
{{składnia}}
{{kolokacje}}
{{synonimy}}
: (1.1) [[i]], [[oraz]]
: (1.2) [[ale]], [[natomiast]], [[zaś]]
: (1.3) [[więc]]
: (1.4) [[przy czym]]
: (3.1) [[o]]!
{{antonimy}}
{{hiperonimy}}
{{hiponimy}}
{{holonimy}}
{{meronimy}}
{{pokrewne}}
{{frazeologia}}
: [[od A do Z]] • [[od a do zet]] • [[ABC]]
</text>
</page>
</wiki>
