<?xml version="1.0"?>
<wiki>
<page>
    <title>czytać</title>
    <ns>0</ns>
    <id>1</id>
    <revision>
        <id>5631000</id>
        <parentid>5369288</parentid>
        <timestamp>2017-04-25T22:41:25Z</timestamp>
        <contributor>
            <username>OctraBot</username>
            <id>49702</id>
        </contributor>
        <minor />
        <comment>Bot: Czyszczenie starych linków interwiki</comment>
        <model>wikitext</model>
        <format>text/x-wiki</format>
        <text xml:space="preserve">== czytać ({{język polski}}) ==
[[Plik:US Navy 100726-N-1092P-019 Aviation Electrician's Mate 2nd Class Christopher Phillips epairs a throttle assembly in an SH-60H Sea Hawk helicopter.jpg|thumb|[[kobieta]] czyta (1.1) [[książka|książkę]]]]
[[Plik:Erntedankfest in Düsseldorf-Urdenbach 07.jpg|thumb|[[muzyk]] czyta (1.2) [[nuty]]]]
[[Plik:Nanjing Metro Route Map (flickr8399651559).jpg|thumb|[[kobieta]] czyta (1.2) [[mapa|mapę]]]]
[[Plik:Niels Petur Nolsoe a Faroese Poet.jpg|thumb|[[mężczyzna]] czyta (1.4)]]
{{wymowa}} {{IPA3|ˈʧ̑ɨtaʨ̑}}, {{AS3|č'''y'''tać}} {{audio|Pl-czytać.ogg}}
{{znaczenia}}
''czasownik przechodni niedokonany'' ({{dk}} [[przeczytać]])
: (1.1) [[przebiegać]] [[wzrok]]iem [[lub]] [[dotyk]]iem [[tekst]] [[w]] [[postać|postaci]] [[litera|liter]] [[lub]] [[ideogram]]ów [[oraz]] [[znak]]ów [[pisarski]]ch [[i]] [[rozumieć]] [[treść]] [[przezeń]] [[przekazywać|przekazywaną]]
: (1.2) [[mieć]] [[umiejętność]] [[rozumienie|rozumienia]] [[treść|treści]] [[zawierać|zawartych]] [[w]] [[rysunek|rysunkach]] [[techniczny]]ch, [[schemat]]ach, [[mapa]]ch, [[nuta]]ch
: (1.3) [[czynność]] [[urządzenie|urządzenia]] [[techniczny|technicznego]] [[polegać|polegająca]] [[na]] [[odkodowywanie|odkodowywaniu]] [[informacja|informacji]]
: (1.4) [[wypowiadać]] [[na głos]] [[zapisać|zapisane]] [[słowo|słowa]]
{{odmiana}}
: (1.1-4) {{odmiana-czasownik-polski
| dokonany= nie
| koniugacja= I
| robię= czytam
| robi= czyta
| robią= czytają
| robiłem= czytałem
| robił= czytał
| robiła= czytała
| robili= czytali
| robiono= czytano
| rób= czytaj
| robiąc= czytając
| robiony= czytany
| robieni= czytani
| robienie= czytanie
}}
{{przykłady}}
: (1.1) ''[[codziennie|Codziennie]] [[rano]] [[czytać|czytam]] [[gazeta|gazetę]].''
: (1.2) ''[[nie|Nie]] [[zabłądzić|zabłądzimy]], [[Damian]] [[umieć|umie]] [[czytać]] [[mapa|mapy]] [[i]] [[mieć|ma]] [[kompas]].''
: (1.3) ''[[czytać|Przeczytać]] [[taki|taką]] [[dyskietka|dyskietkę]] [[móc|może]] [[tylko]] [[bardzo]] [[archaiczny]] [[komputer]].''
: (1.4) ''[[w|W]] [[dzieciństwo|dzieciństwie]] [[babcia]] [[czytać|czytała]] [[ja|mi]] [[bajka|bajki]] [[na]] [[dobranoc]].''
{{składnia}}
{{kolokacje}}
: (1.1) czytać [[książka|książkę]] • czytać [[gazeta|gazetę]] • czytać [[wiersz]] • czytać [[na głos]]
: (1.2) czytać [[mapa|mapę]] • czytać [[nuta|nuty]]
{{synonimy}}
{{antonimy}}
{{hiperonimy}}
{{hiponimy}}
{{holonimy}}
{{meronimy}}
{{pokrewne}}
: {{rzecz}} [[czytelnictwo]] {{n}}, [[czytelnia]] {{f}}, [[czytelnik]] {{m}}, [[czytelniczka]] {{f}}, [[czytacz]] {{mos}}, [[czytanka]] {{f}}, [[czytadło]] {{n}}, [[czytelność]] {{f}}, [[czytnik]] {{m}}, [[czytanina]] {{f}}, [[czytanie]] {{n}}, [[odczyt]] {{m}}, [[odczytanie]] {{n}}, [[odczytywanie]] {{n}}, [[rozczytanie]] {{n}}, [[wyczytanie]] {{n}}, [[wczytywanie]] {{n}}, [[zaczytanie]] {{n}}, [[zaczytywanie]] {{n}}, [[czytywanie]] {{n}}, [[przeczytanie]] {{n}}
: {{czas}} [[czytywać]] {{ndk}}, [[przeczytać]] {{dk}}, [[odczytać]] {{dk}}, [[odczytywać]] {{ndk}}, [[rozczytywać]] {{ndk}}, [[rozczytać]] {{dk}}, [[wyczytywać]] {{ndk}}, [[wyczytać]] {{dk}}, [[zaczytywać]] {{ndk}}, [[zaczytać]] {{dk}}
: {{przym}} [[czytelny]], [[czytelniczy]], [[czytankowy]], [[czytnikowy]], [[oczytany]]
: {{przysł}} [[czytelnie]]
{{frazeologia}}
: [[czytać w myślach]] • [[czytać z ruchu warg]] • [[czytać między wierszami]] • [[czytać od deski do deski]] • [[czytać jednym tchem]]
{{etymologia}}
{{uwagi}}
{{tłumaczenia}}
* amharski: (1.1) [[ማንበብ]]
* angielski: (1.1) [[read]]
* arabski: (1.1) [[قرأ]]
* baskijski: (1.1) [[irakurri]]
* białoruski: (1.1) [[чытаць]]
* chorwacki: (1.1) [[čitati]]
* czeski: (1.1) [[číst]]
* dolnołużycki: (1.1) [[cytaś]]
* duński: (1.1) [[læse]]
* esperanto: (1.1) [[legi]]
* francuski: (1.1) [[lire]]
* hiszpański: (1.1) [[leer]]
* holenderski: (1.1) [[lezen]]; (1.4) [[voorlezen]]
* ido: (1.1) [[lektar]]
* interlingua: (1.1) [[leger]]
* japoński: (1.1) {{furi|読|よ|む}}
* jidysz: (1.1) [[לייענען]] (lejenen); (1.2) [[לייענען]] (lejenen); (1.4) [[לייענען]] (lejenen)
* kataloński: (1.1) [[llegir]]
* łaciński: (1.1) [[legere]]
* niemiecki: (1.1) [[lesen]]
* norweski (bokmål): (1.1) [[lese]]
* nowogrecki: (1.1) [[διαβάζω]]
* polski język migowy: {{PJM-ukryj| (1.1) {{PJM|czytać}}{{,}}{{PJM|czytać, przeczytać}}; ''czytać gazetę:'' {{PJM|czytać gazetę}}}}
* portugalski: (1.1) [[ler]]
* rosyjski: (1.1) {{ndk}} [[читать]]; {{dk}} [[прочитать]], [[прочесть]]
* slovio: (1.1) [[cxitat]] (читат)
* szwedzki: (1.1) [[läsa]]
* tetum: (1.1) [[lee]]
* turecki: (1.1) [[okumak]]; (1.2) [[okumak]]
* ukraiński: (1.1) [[читати]]
* węgierski: (1.1) [[olvas]]
* wilamowski: (1.1) [[łaza]], [[łāza]], [[łaoza]]
* włoski: (1.1) [[leggere]]
{{źródła}}</text>
        <sha1>92d2hafk0y7dj8qzcw6bvmnubusba9l</sha1>
    </revision>
</page>
<page>
<title>przeczytać</title>
<ns>0</ns>
<id>2</id>
<revision>
    <id>5766150</id>
    <parentid>5441820</parentid>
    <timestamp>2017-04-26T20:43:06Z</timestamp>
    <contributor>
        <username>OctraBot</username>
        <id>49702</id>
    </contributor>
    <minor />
    <comment>Bot: Czyszczenie starych linków interwiki</comment>
    <model>wikitext</model>
    <format>text/x-wiki</format>
    <text xml:space="preserve">== przeczytać ({{język polski}}) ==
{{wymowa}} {{IPA3|pʃɛˈʧ̑ɨtaʨ̑}}, {{AS3|pšeč'''y'''tać}}, {{objaśnienie wymowy|BDŹW}} {{audio|Pl-przeczytać.ogg}}
{{znaczenia}}
''czasownik przechodni dokonany''
: (1.1) {{zob|czytać}}
{{odmiana}}
: (1.1) {{odmiana-czasownik-polski
| dokonany=tak
| koniugacja=I
| zrobię=przeczytam
| zrobi=przeczyta
| zrobią=przeczytają
| zrobiłem=przeczytałem
| zrobił=przeczytał
| zrobiła=przeczytała
| zrobili=przeczytali
| zrobiono=przeczytano
| zrób=przeczytaj
| zrobiwszy=przeczytawszy
| zrobiony=przeczytany
| zrobieni=przeczytani
| zrobienie=przeczytanie
}}
{{przykłady}}
: (1.1) ''- [[ja|Ja]] [[być|jestem]] [[urzędnik]]iem [[państwowy]]m, [[jeżeli]] [[pan]] [[ja|mi]] [[pokazać|pokaże]] [[swój|swoje]] [[wystąpienie]], [[to]] [[ono|je]] [[przeczytać|przeczytam]] - [[odpowiedzieć|odpowiedział]] [[bez]] [[cień|cienia]] [[zachęta|zachęty]]. ([[nie|Nie]] [[pamiętać|pamiętam]] [[czy]] [[powiedzieć|powiedział]] &quot;[[chętnie]] [[przeczytać|przeczytam]]&quot;, [[gdyż]] [[nie]] [[stosować|stosowałem]] [[technika|techniki]] [[operacyjny|operacyjnej]]).''&lt;ref&gt;Daniel Passent, ''Choroba dyplomatyczna'', 2002&lt;/ref&gt;
{{składnia}}
{{kolokacje}}
{{synonimy}}
{{antonimy}}
{{hiperonimy}}
{{hiponimy}}
{{holonimy}}
{{meronimy}}
{{pokrewne}}
: {{rzecz}} [[przeczytanie]] {{n}}, [[czytelnia]] {{f}}, [[czytanka]] {{f}}, [[czytelnik]] {{m}}, [[zaczytanie]] {{n}}, [[czytelniczka]] {{f}}, [[czytnik]] {{mrz}}
: {{czas}} [[czytać]], [[zaczytać]] {{dk}}
: {{przym}} [[oczytany]]
{{frazeologia}}
: [[przeczytać od deski do deski]]
{{etymologia}}
: {{etymn|pol|czytać}}
{{uwagi}}
{{tłumaczenia}}
: (1.1) {{zobtłum aspekt|czytać}}
* białoruski: (1.1) [[прачытаць]]
* dolnołużycki: (1.1) [[pśecytaś]]
* polski język migowy:{{PJM-ukryj|{{PJM-head}}{{PJM1|czytać, przeczytać|przeczytać (1.1)}}}}
* rosyjski: (1.1) [[прочитать]]
* ukraiński: (1.1) [[прочитати]]
* wilamowski: (1.1) [[furłaza]], [[fürłaoza]]
{{źródła}}
&lt;references/&gt;</text>
    <sha1>5hwja7uqcqye715ugnqfr1noakb2o41</sha1>
</revision>
</page>
<page>
<title>odczytać</title>
<ns>0</ns>
<id>3</id>
<revision>
    <id>5742160</id>
    <parentid>5318628</parentid>
    <timestamp>2017-04-26T16:37:17Z</timestamp>
    <contributor>
        <username>OctraBot</username>
        <id>49702</id>
    </contributor>
    <minor />
    <comment>Bot: Czyszczenie starych linków interwiki</comment>
    <model>wikitext</model>
    <format>text/x-wiki</format>
    <text xml:space="preserve">== odczytać ({{język polski}}) ==
{{wymowa}} {{IPA3|ɔṭˈʧ̑ɨtaʨ̑}}, {{AS3|oṭč'''y'''tać}}, {{objaśnienie wymowy|BDŹW|DZIĄS}} {{audio|Pl-odczytać.ogg}}
{{znaczenia}}
''czasownik przechodni''
: (1.1) {{dokonany od|odczytywać}}
{{odmiana}}
: (1.1) {{odmiana-czasownik-polski
| dokonany = tak
| koniugacja = I
| zrobię = odczytam
| zrobi = odczyta
| zrobią = odczytają
| zrobiłem = odczytałem
| zrobił = odczytał
| zrobiła = odczytała
| zrobili = odczytali
| zrobiono = odczytano
| zrób = odczytaj
| zrobiwszy = odczytawszy
| zrobiony = odczytany
| zrobieni = odczytani
| zrobienie = odczytanie
}}
{{przykłady}}
: (1.1) ''[[od|Od]] [[długi|dłuższego]] [[czas]]u [[przyglądać|przyglądał]] [[się]] [[bacznie]] [[to]] [[Zygmunt]]owi, [[to]] [[stado|stadu]] [[chmura|chmur]]. [[z|Z]] [[wyraz]]u [[twarz]]y [[nieznajomy|nieznajomego]] [[trudno]] [[być|było]] [[jednoznacznie]] [[odczytać]], [[co]] [[siebie|sobie]] [[myśleć|myślał]] [[o]] [[Zygmunt|Zygmuncie]], [[jak]] [[też]] [[nie]] [[sposób]] [[być|było]] [[zgadnąć]], [[po]] [[co]] [[i]] [[z]] [[jaki]]mi [[zamiar]]ami [[zjawić się|zjawił się]] [[na]] [[dach]]u.''&lt;ref&gt;Mariusz Sieniewicz, ''Czwarte niebo'', 2003&lt;/ref&gt;
{{składnia}}
{{kolokacje}}
{{synonimy}}
{{antonimy}}
{{hiperonimy}}
{{hiponimy}}
{{holonimy}}
{{meronimy}}
{{pokrewne}}
: {{czas}} [[czytać]], [[odczytywać]]
: {{rzecz}} [[odczyt]] {{m}}, [[odczytanie]] {{n}}, [[odczytywanie]] {{n}}, [[czytanka]] {{f}}
: {{przym}} [[poczytny]]
{{frazeologia}}
{{etymologia}}
{{uwagi}}
{{tłumaczenia}}
: (1.1) {{zobtłum aspekt|odczytywać}}
{{źródła}}
&lt;references/&gt;</text>
    <sha1>9n3tne9csqluxt2khg8toirewmtp880</sha1>
</revision>
</page>
<page>
<title>Wikisłownik:Strona główna</title>
<ns>4</ns>
<id>4</id>
<revision>
    <id>5172384</id>
    <parentid>5172381</parentid>
    <timestamp>2016-09-17T16:43:52Z</timestamp>
    <contributor>
        <username>Peter Bowman</username>
        <id>23133</id>
    </contributor>
    <comment>skrócenie inputboxa do 30, powinno to uniknac skoku do nowej linii przed przyciskiem na Chrome i IE</comment>
    <model>wikitext</model>
    <format>text/x-wiki</format>
    <text xml:space="preserve">&lt;div style=&quot;
     float: left;
     width: 75%;
     line-height: 1.5em;
&quot;&gt;
&lt;div style=&quot;
     float: right;
     width: 53%;
     text-align: center;
&quot;&gt;
&lt;br /&gt;
&lt;inputbox&gt;
type=search2
width=30
buttonlabel=Szukaj słowa
break=no
&lt;/inputbox&gt;
&lt;/div&gt;
&lt;div style=&quot;
     float: left;
     width: 46%;
     padding: .2em 0 0 0;
     text-align: left;
&quot;&gt;
&lt;span style=&quot;
     display: block;
     font-size: 160%;
&quot;&gt;'''Witaj w [[Wikisłownik:Czym jest Wikisłownik?|Wikisłowniku]]'''&lt;/span&gt;
&lt;span style=&quot;
     display: block;
     padding: .5em 0 0 0;
     font-size: 120%;
&quot;&gt;'''wolnym, wielojęzycznym słowniku''',&lt;/span&gt;
&lt;span style=&quot;
     display: block;
     padding: .1em 0 0 0;
     font-size: 100%;
&quot;&gt;który '''[[Wikisłownik:Początkujący|możesz rozwijać]]'''.&lt;/span&gt;
&lt;/div&gt;
&lt;/div&gt;
&lt;div style=&quot;
     float: right;
     width: 24%;
     text-align: right;
     line-height: 1.5em;
&quot;&gt;
Mamy &lt;span style=&quot;font-size:120%;&quot;&gt;'''[[Wikisłownik:Statystyka|&lt;font size=&quot;+1&quot;&gt;'''{{#expr:({{licznik}} - ({{licznik}} mod 1000))/1000}}&amp;nbsp;{{padleft:{{#expr:{{licznik}} mod 1000}}|3|0}}'''&lt;/font&gt;]]''' {{plural:{{licznik}}|haseł|hasła|haseł}}.&lt;/span&gt;&lt;br /&gt;[[Wikisłownik:Dlaczego Wikisłownik|Tworzymy niezwykły słownik]].&lt;br /&gt;[[Wikisłownik:Pierwsze hasło|Dołącz do nas]]!
&lt;/div&gt;
&lt;/div&gt;
&lt;!-- SEARCH BOX --&gt;
&lt;div id=&quot;mp_searchbox_container&quot;&gt;
&lt;/div&gt;
&lt;div style=&quot;clear: both;&quot;&gt;&lt;/div&gt;
&lt;!-- MAIN BLOCK --&gt;
&lt;div id=&quot;main-page-content&quot; style=&quot;
     margin-bottom:10px;
     width:100%;
&quot;&gt;
&lt;!-- LEFT COLUMN --&gt;
&lt;div style=&quot;
     float: left;
     margin-top: 10px;
     margin-right: 1%;
     height: 100%;
     width: 49%;
     background-color: transparent;
     overflow-x: hidden;
&quot;&gt;
&lt;div id=&quot;main-page-wikiinfo&quot; style=&quot;
     margin-bottom: 10px;
     border: 1px solid #c8ad7f;
    -moz-border-radius: 10px;
    -webkit-border-radius: 10px;
     border-radius: 10px;
     background-color: white;
     padding: 5px;
&quot;&gt;{{SG rubryka
 |tytuł = Praca nad Wikisłownikiem
 |ikona = HSWtionary.svg
 |treść = {{Praca nad Wikisłownikiem}}
 |id    = mf-itnfw
}}&lt;/div&gt;
&lt;div style=&quot;
     margin-top: 20px;
     border: 1px solid #c8ad7f;
    -moz-border-radius: 10px;
    -webkit-border-radius: 10px;
     border-radius: 10px;
     background-color: white;
     padding: 5px 5px 5px 0px;
     margin-bottom: 10px;
&quot;&gt;
&lt;!--{{#ifexist:Szablon:Język miesiąca/{{#time:m}}|{{SG rubryka
 |tytuł = Język miesiąca
 |ikona = HS Skand.svg
 |treść = {{Język miesiąca/{{#time:m}}}}
 |id    = mp-dyk
}}}}--&gt;{{SG rubryka
 |tytuł = Indeks tematyczny
 |ikona = HSArchive.svg
 |treść = {{Indeks tematyczny}}
 |id    = mp-dyk
}}
&lt;/div&gt;
&lt;!--&lt;div id=&quot;main-page-wiktapp&quot; style=&quot;
     margin-top: 20px;
     margin-bottom: 10px;
     border: 1px solid #c8ad7f;
    -moz-border-radius: 10px;
    -webkit-border-radius: 10px;
     border-radius: 10px;
     background: transparent;
     padding: 5px;
&quot;&gt;{{SG rubryka
 |tytuł = Aplikacja Wiktionary
 |treść = {{Aplikacja Wiktionary}}
 |ikona = HSTools.svg
 |id    = mw-app
}}&lt;/div&gt;--&gt;
&lt;/div&gt;
&lt;!-- RIGHT COLUMN --&gt;
&lt;div style=&quot;
     float: left;
     margin-top: 10px;
     height: 100%;
     width: 50%;
     background-color: transparent;
     overflow-x: hidden;
&quot;&gt;
&lt;div style=&quot;
     border: 1px solid #c8ad7f;
    -moz-border-radius: 10px;
    -webkit-border-radius: 10px;
     border-radius: 10px;
     background-color:white;
     padding: 5px 5px 5px 0px;
&quot;&gt;
&lt;!--{{#ifexist:Szablon:Aktualne Słowo tygodnia/{{CURRENTWEEK}}|
{{SG rubryka
 |tytuł = Słowo tygodnia
 |ikona = HS talk.svg
 |treść = {{Aktualne Słowo tygodnia/{{CURRENTWEEK}}}}
 |id    = mp-dyk
}}|}}--&gt;
{{SG rubryka
 |tytuł = Indeks według języków
 |ikona = HSBook.svg
 |treść = {{Indeks według języków}}
 |id    = mf-tfa
}}
&lt;/div&gt;
&lt;/div&gt;&lt;br clear=&quot;all&quot; /&gt;
&lt;/div&gt;
&lt;!-- END OF MAIN BLOCK --&gt;
&lt;!-- WIKIMEDIA PROJECTS --&gt;
&lt;div class=&quot;layout plainlinks&quot; style=&quot;
     margin-bottom: 10px;
     border: 1px solid #c8ad7f;
    -moz-border-radius: 10px;
    -webkit-border-radius: 10px;
     border-radius: 10px;
     background-color: white;
     padding: 5px;
&quot;&gt;{{SG rubryka
 |tytuł = Siostrzane projekty Wikisłownika
 |ikona = Wikimedia-logo-circle.svg
 |treść = {{Siostrzane}}
 |id    = mp-other
 |szerokość = full
}}&lt;/div&gt;
&lt;!-- LEGAL NOTICE --&gt;
&lt;div style=&quot;
     margin-bottom: 10px;
     border: 1px solid #c8ad7f;
    -moz-border-radius: 10px;
    -webkit-border-radius: 10px;
     border-radius: 10px;
     background: transparent;
     padding: 5px;
     text-align: center;
     font-size: 85%;
&quot;&gt;[[Plik:Wikimedia-logo.svg|left|50px|link=wikimedia:Strona główna|&lt;nowiki/&gt;]]
Prawną i techniczną odpowiedzialność za Wikisłownik ponosi [[w:Wikimedia Foundation|Fundacja Wikimedia]].

Partnerem Fundacji jest [[chapter:|Stowarzyszenie Wikimedia Polska]], zajmujące się promocją Wikisłownika w Polsce.

Nowi użytkownicy mogą znaleźć pomoc u innych członków społeczności m.in. u [[Wikisłownik:Administratorzy|administratorów]]. Zobacz też inne formy [[Wikisłownik:Kontakt|kontaktu z Wikisłownikiem]].
&lt;/div&gt;
{{Interwiki}}
__NOTOC__ __NOEDITSECTION__ &lt;!-- Kod Strony głównej Wikisłownika został oparty na kodzie Strony głównej polskojęzycznej Wikipedii --&gt;</text>
    <sha1>a3rfkmxjsqgoddxjkfz47rrkjnnc73g</sha1>
</revision>
</page>
<page>
<title>hund</title>
<ns>0</ns>
<id>6</id>
<revision>
    <id>5682951</id>
    <parentid>5448309</parentid>
    <timestamp>2017-04-26T06:43:14Z</timestamp>
    <contributor>
        <username>OctraBot</username>
        <id>49702</id>
    </contributor>
    <minor />
    <comment>Bot: Czyszczenie starych linków interwiki</comment>
    <model>wikitext</model>
    <format>text/x-wiki</format>
    <text xml:space="preserve">{{podobne|Hund|Huund}}
== hund ({{język duński}}) ==
[[Plik:YellowLabradorLooking.jpg|thumb|[[en]] hund (1.1)]]
{{wymowa}}
{{znaczenia}}
''rzeczownik, rodzaj wspólny''
: (1.1) [[pies]]
: (1.2) {{slang}} [[banknot]] [[o]] [[nominał|nominale]] [[100]] [[korona|koron]]
{{odmiana}}
: (1.1) en hund, hunden, hunde, hundene
: (1.2) en hund, hunden, -, -
{{przykłady}}
: (1.1) ''[[jeg|Jeg]] [[er]] [[ikke]] [[bange]] [[for]] [[hund]]e.'' → [[nie|Nie]] [[bać się|boję się]] '''[[pies|psów]]'''.
: (1.2) ''[[ville|Vil]] [[du]] [[låne]] [[mig]] [[en]] [[hund]]?'' → [[pożyczać|Pożyczysz]] [[mi]] '''[[stówa|stówę]]'''?
{{składnia}}
{{kolokacje}}
: (1.1) hund [[gø]]r • [[fårehund]] • [[hundefanger]] • [[hyrdehund]] • [[hunderakker]] • [[politihund]]
{{synonimy}}
: (1.1) [[tæve]], [[hvalp]], {{pogard}} [[køter]], {{slang}} [[tæppetisser]]
{{antonimy}}
: (1.1) [[kat]]
{{hiperonimy}}
{{hiponimy}}
{{holonimy}}
{{meronimy}}
{{pokrewne}}
{{frazeologia}} [[brugshund]] • [[der ligger hunden begravet]] • [[gå i hundene]] • [[leve som hund og kat]] • [[hundegalskab]] • [[hundesyge]]
{{etymologia}}
: (1.1) {{etym|stnord|hundr}} &lt;&lt; {{etym|pragerm|*xunđaz}}; {{por}} {{etymn|far|hundur}}, {{etymn|isl|hundur}}, {{etymn|szw|hund}}, {{etymn|nbk|hund}}, {{etymn|swn|hunt}} ({{etymn|niem|Hund}}), {{etymn|staroang|hund}} ({{etymn|ang|hound}}), {{etymn|stfryz|hund}}, {{etymn|hol|hond}}, {{etymn|goc|𐌷𐌿𐌽𐌳𐍃}} (hunds)
: (1.2) ze względu na podobieństwo fonetyczne do słowa {{etymn|duń|hundrede}} (→ {{licz}} [[sto]])
{{uwagi}} zobacz też: [[Indeks:Duński - Zwierzęta|zwierzęta w języku duńskim]]
{{źródła}}

== hund ({{esperanto (morfem)}}) ==
[[Plik:YellowLabradorLooking.jpg|thumb|hund (1.1)]]
{{wymowa}}
{{znaczenia}}
''{{morfem|eo}}''
: (1.1) [[pies]]
{{odmiana}}
{{przykłady}}
: (1.1)
{{składnia}}
{{kolokacje}}
{{synonimy}}
{{antonimy}}
{{hiperonimy}}
{{hiponimy}}
{{holonimy}}
{{meronimy}}
{{pochodne}}
: {{rzecz}} [[hundo]], [[hundaro]], [[hundejo]], [[hundido]], [[hundino]], [[hundujo]], [[hundherbo]], [[hundkaptisto]], [[ĉashundo]], [[Ĉashundoj]], [[ĉenhundo]], [[domhundo]], [[leporhundo]], [[melhundo]], [[ŝafhundo]], [[terhundo]], [[hundimposto]]
: {{przym}} [[hunda]]
{{frazeologia}}
{{etymologia}} {{etym|niem|Hund}}
{{uwagi}}
{{źródła}}

== hund ({{język norweski (bokmål)}}) ==
[[Plik:YellowLabradorLooking.jpg|thumb|hund (1.1)]]
{{wymowa}}
{{znaczenia}}
''rzeczownik, rodzaj męski''
: (1.1) [[pies]]
{{odmiana}}
: (1.1) en hund, hunden, hunder, hundene
{{przykłady}}
: (1.1) ''[[som|Som]] [[herre]] [[så]] [[hund]] - [[hund]]er [[og]] [[hund]]e[[eier]]e [[ligne]]r [[på]] [[hverandre]].'' → [[jaki|Jaki]] [[pan]] [[taki]] '''[[pies]]''' - '''[[pies|psy]]''' [[i]] [[ich]] [[właściciel]]e [[być|są]] [[do]] [[się|siebie]] [[podobny|podobni]].
{{składnia}}
{{kolokacje}}
{{synonimy}}
{{antonimy}}
{{hiperonimy}}
{{hiponimy}}
{{holonimy}}
{{meronimy}}
{{pokrewne}}
{{frazeologia}}
{{etymologia}}
{{uwagi}}
{{źródła}}

== hund ({{język staroangielski}}) ==
{{wymowa}} {{IPA|hʊnd}}
{{znaczenia}}
''rzeczownik, rodzaj nijaki''
: (1.1) [[setka]] ([[100]])
''rzeczownik, rodzaj męski''
: (2.1) [[pies]]
{{odmiana}} ~es
{{przykłady}}
: (1.1)
{{składnia}}
{{kolokacje}}
{{synonimy}}
{{antonimy}}
{{hiperonimy}}
{{hiponimy}}
{{holonimy}}
{{meronimy}}
{{pokrewne}}
{{frazeologia}}
{{etymologia}}
: (1.1) ''ze staroniemieckiego'' *hundam, ''z protoindoeuropejskiego'' *(d)ḱm̥tóm
: (2.1) ''ze staroniemieckiego'' *hundaz, ''z protoindoeuropejskiego'' *ḱwn̥tós ''z'' *ḱwō (pies)
{{uwagi}}
{{źródła}}

== hund ({{język starosaksoński}}) ==
[[Plik:YellowLabradorLooking.jpg|thumb|hund (1.1)]]
{{wymowa}}
{{znaczenia}}
''rzeczownik, rodzaj męski''
: (1.1) {{zool}} [[pies]]
{{odmiana}}
{{przykłady}}
: (1.1)
{{składnia}}
{{kolokacje}}
{{synonimy}}
{{antonimy}}
{{hiperonimy}}
{{hiponimy}}
{{holonimy}}
{{meronimy}}
{{pokrewne}}
{{frazeologia}}
{{etymologia}}
{{uwagi}}
{{źródła}}
: {{importEnWikt|starosaksoński|2}}

== hund ({{język szwedzki}}) ==
[[Plik:YellowLabradorLooking.jpg|thumb|hund (1.1)]]
{{wymowa}} {{IPA|hɵnd}} {{audio|Sv-hund.ogg}}
{{znaczenia}}
''rzeczownik, rodzaj wspólny''
: (1.1) {{zool}} [[pies]]&lt;ref&gt;{{Lexin}}&lt;/ref&gt;
{{odmiana}}
: (1.1) en hund, hunden, hundar, hundarna
{{przykłady}}
: (1.1) ''[[hund|Hundar]] [[och]] [[katt]]er [[dö]]das [[på]] [[gata|gatorna]].'' → '''[[pies|Psy]]''' [[i]] [[kot]]y [[być|są]] [[zabijać|zabijane]] [[na]] [[ulica]]ch.
{{składnia}}
{{kolokacje}}
: (1.1) [[blindhund]] • [[brukshund]] • [[hundbett]] • [[hundfoder]] • [[hundgård]] • [[hundkoja]] • [[hundkoppel]] • [[hundmat]] • [[hundras]] • [[hundskall]] • [[hundskatt]] • [[hundvalp]] • [[jakthund]] • [[jämthund]] • [[jämthundsvalp]] • [[ledarhund]] • [[newfoundlandshund]] • [[polishund]] • [[spetshund]] • [[sällskapshund]] • [[vallhund]]
{{synonimy}}
: (1.1) [[vovve]]
{{antonimy}}
{{hiperonimy}}
{{hiponimy}}
{{holonimy}}
{{meronimy}}
{{pokrewne}}
{{frazeologia}}
: (1.1) [[här ligger en hund begraven]]
{{etymologia}}
{{uwagi}}
: (1.1) zobacz też: [[Indeks:Szwedzki - Zwierzęta|zwierzęta w języku szwedzkim]]
{{źródła}}
&lt;references /&gt;

== hund ({{język wilamowski}}) ==
[[Plik:YellowLabradorLooking.jpg|thumb|hund (1.1)]]
{{ortografie}}
: [[hunt]]
{{wymowa}}
: {{audio|Wym-hund (wersja Józefa Gary).ogg}}
{{znaczenia}}
''rzeczownik, rodzaj męski''
: (1.1) {{zool}} [[pies]]&lt;ref&gt;{{Latosiński1909|strony=301}}&lt;/ref&gt;&lt;ref&gt;{{Gara2003|strony=}}&lt;/ref&gt;
{{odmiana}}
{{przykłady}}
: (1.1)
{{składnia}}
{{kolokacje}}
{{synonimy}}
{{antonimy}}
: (1.1) [[koc]]
{{hiperonimy}}
{{hiponimy}}
{{holonimy}}
{{meronimy}}
{{pokrewne}}
{{frazeologia}}
{{etymologia}}
{{uwagi}}
: (1.1) zobacz też: [[Indeks:Wilamowski - Ssaki]]
{{źródła}}
&lt;references /&gt;</text>
    <sha1>h75wux43f50nf4mlga2x8k552h22va7</sha1>
</revision>
</page>
<page>
<title>dog</title>
<ns>0</ns>
<id>7</id>
<revision>
    <id>5640637</id>
    <parentid>5446979</parentid>
    <timestamp>2017-04-26T00:11:40Z</timestamp>
    <contributor>
        <username>OctraBot</username>
        <id>49702</id>
    </contributor>
    <minor />
    <comment>Bot: Czyszczenie starych linków interwiki</comment>
    <model>wikitext</model>
    <format>text/x-wiki</format>
    <text xml:space="preserve">{{podobne|dög|dögg|Døgg}}
__TOC__
== dog ({{język polski}}) ==
[[Plik:Dogue alemão great dane.JPG|thumb|[[dwa]] dogi (1.1)]]
{{wymowa}} {{IPA3|dɔk}}, {{AS3|dok}}, {{objaśnienie wymowy|WYG}}
{{znaczenia}}
''rzeczownik, rodzaj męski''
: (1.1) {{kynol}} [[nazwa]] [[rasa|rasy]] [[pies|psa]]; {{wikipedia}}
{{odmiana}}
{{przykłady}}
: (1.1) ''[[obok|Obok]] [[złotowłosy|złotowłosej]] Sisi [[iść|szedł]] [[jakiś]] [[wielki]] [[pies]], [[chyba]] [[dog]]''&lt;ref&gt;A. Maleszka, ''Magiczne Drzewo. Olbrzym'', 2011&lt;/ref&gt;.
{{składnia}}
{{kolokacje}}
{{synonimy}}
{{antonimy}}
{{hiperonimy}}
{{hiponimy}}
{{holonimy}}
{{meronimy}}
{{pokrewne}}
{{frazeologia}}
{{etymologia}}
: {{etym|niem|Dogge}} &lt; {{etym|ang|dog}}&lt;ref&gt;{{Łaziński2008|strony=51}}&lt;/ref&gt;
{{uwagi}}
: zobacz też: [[Indeks:Polski - Rasy psów]]
{{tłumaczenia}}
* angielski: (1.1) [[great Dane]]
* bułgarski: (1.1) [[дог]] {{m}}
* czeski: (1.1) [[doga]] {{f}}
* francuski: (1.1) [[dogue]] {{m}}
* słowacki: (1.1) [[doga]] {{f}}
{{źródła}}
&lt;references /&gt;

== dog ({{język angielski}}) ==
[[Plik:YellowLabradorLooking.jpg|thumb|[[a]] dog (1.1)]]
{{wymowa}}
: {{RP}} {{IPA|dɒɡ}}, {{SAMPA|dQg}}
:: {{audioUK|En-uk-a dog.ogg}}
: {{amer}} {{IPA|dɒɡ}}, {{SAMPA|dOg}}
:: {{audioUS|En-us-dog.ogg}}; {{lm}} {{audioUS|En-us-dogs.ogg}}
: {{amer}} ''także'' {{IPA|dɑɡ}}, {{SAMPA|dAg}}
{{znaczenia}}
''rzeczownik policzalny''
: (1.1) {{zool}} [[pies]] (''[[canis]]'')
: (1.2) {{zool}} [[pies]] ([[samiec]] [[pies|psa]] (1.1))
: (1.3) {{slang}} {{obraź}} [[brzydki|brzydka]] [[kobieta]]
: (1.4) {{slang}} [[mężczyzna]], [[facet]], [[chłop]]
''czasownik przechodni''
: (2.1) [[ścigać]]; [[śledzić]]
{{odmiana}}
: (1) {{lp}} dog; {{lm}} dogs
: (2) dog, dogged, dogged; he dogs; be dogging
{{przykłady}}
: (1.1) ''[[it|It]] [[be|is]] [[possible]] [[to]] [[find]] [[rational]] [[and]] [[historical]] [[ground]]s [[for]] [[the]] [[Zoroastrian]] [[regard]] [[for]] [[the]] [[dog]]. [[the|The]] [[herding dog|herd-'''dog''']] [[and]] [[watchdog|watch-'''dog''']] (…), [[must]] [[have]] [[be]]en [[man]][['s]] [[value]]d [[helper]]s [[in]] [[ancient]] [[time]]s [[on]] [[the]] [[steppe]]s; [[and]] [[with]] [[his]] [[quality|qualities]] [[of]] [[loyalty]], [[obedience]] [[and]] [[affection]] [[the]] [[dog]] [[undoubtedly]] [[seem]]s [[to]] [[have]] [[a]] [[moral]] [[nature]], [[and]] [[the]] [[capacity]] [[of]] [[choice]].''&lt;ref&gt;Mary Boyce, ''A History of Zoroastrianism. Volume I, The Early Period''&lt;/ref&gt; → [[możliwy|Możliwe]] [[być|jest]] [[odnalezienie]] [[racjonalny|racjonalnego]] [[i]] [[historyczny|historycznego]] [[podłoże|podłoża]] [[dla]] [[zoroastryjski]]ego [[szacunek|szacunku]] [[dla]] '''[[pies|psa]]'''. [[pies pasterski|'''Pies''' pasterski]] [[i]] [[pies stróżujący|'''pies''' stróżujący]] (…) [[musieć|musiały]] [[być]] [[doceniać|docenianymi]] [[pomocnik]]ami [[człowiek]]a [[na]] [[step]]ach [[w]] [[czas]]ach [[antyczny]]ch; [[z]] [[on|jego]] [[cech]]ami [[lojalność|lojalności]], [[posłuszeństwo|posłuszeństwa]] [[i]] [[oddanie|oddania]], '''[[pies]]''' [[bez wątpienia]] [[zdawać się|zdaje się]] [[mieć]] [[natura|naturę]] [[moralny|moralną]] [[oraz]] [[zdolność]] [[dokonywanie|dokonywania]] [[wybór|wyborów]].
: (1.3) ''[[she's|She's]] [[a]] [[real]] [[dog]]!'' → [[ona|Ona]] [[być|jest]] [[prawda|naprawdę]] '''[[brzydki|brzydką]] [[kobieta|kobietą]]'''!
: (1.4) ''[[you're|You're]] [[lucky]] [[dog]]!'' → [[ty|Ty]] '''[[szczęściarz]]u'''!
: (2.1) ''[[trouble|Trouble]] [[dog]]ged [[his]] [[every]] [[step]].'' → [[kłopot|Kłopoty]] '''[[dosięgać|dosięgały]]''' [[on|go]] [[na]] [[każdy]]m [[krok]]u.
{{składnia}}
{{kolokacje}}
: (1.1) [[dog rose]] • [[guide dog]] • [[Dog Star]] • [[Australian cattle dog]] • [[dog tag]] • [[watchdog]] • [[prairie dog]] • [[short-eared dog]] • [[raccoon dog]] • [[bush dog]] • [[wiener dog]] • [[doghood]] • [[lapdog]] • [[rescue dog]] • [[gun dog]]
{{synonimy}}
: (2.1) [[follow]], [[chase]], [[go after]], [[chase after]], [[trail]], [[track]]
{{antonimy}}
: (1.2) [[bitch]]
{{hiperonimy}}
{{hiponimy}}
{{holonimy}}
{{meronimy}}
{{pokrewne}}
: {{rzecz}} [[doggy]], [[doggie]]
: {{przym}} [[doggy]], [[dogless]]
: {{przysł}} [[doggily]]
{{frazeologia}}
: [[dog-ear]] • [[hot dog]] • [[top dog]] • [[to work like a dog]] • [[to]] [[rain cats and dogs]] • [[sick as a dog]] • [[lie down with dogs, wake up with fleas]] • [[let sleeping dogs lie]] • [[you can't teach an old dog new tricks]] • [[barking dogs seldom bite]] • [[fight like cats and dogs]] • [[go to the dogs]] • [[dog in the manger]] • [[dog-eat-dog]] • [[dog days]] • [[dog's life]]
{{etymologia}}
{{uwagi}}
: (1.1) zobacz też: [[Indeks:Angielski - Ssaki]]
{{źródła}}
&lt;references /&gt;

== dog ({{język duński}}) ==
{{wymowa}}
{{znaczenia}}
''przysłówek''&lt;ref&gt;{{PolitikensND|hasło=dog}}&lt;/ref&gt;
: (1.1) [[acz]], [[ależ]], [[przecież]]
: (1.2) [[jednak]]
{{odmiana}}
: (1.1) {{nieodm}}
{{przykłady}}
: (1.1) ''[[jeg|Jeg]] [[være|er]] [[meget]] [[tålmodig]], [[men]] [[der]] [[være|er]] [[dog]] [[grænse]]r''…! → [[być|Jestem]] [[bardzo]] [[cierpliwy]], [[ale]] [[istnieć|istnieją]] '''[[przecież]]''' [[jakiś|jakieś]] [[granica|granice]]…!
{{składnia}}
{{kolokacje}}
: (1.1) ''[[men dog]]!'' → [[coś podobnego]]!
{{synonimy}}
: (1.2) [[alligevel]]
{{antonimy}}
{{hiperonimy}}
{{hiponimy}}
{{holonimy}}
{{meronimy}}
{{pokrewne}}
{{frazeologia}}
{{etymologia}}
: {{etym|dolnoniem|doch}}
{{uwagi}}
{{źródła}}
&lt;references /&gt;</text>
    <sha1>dffk9mtr101h1i65mrkdwq3p5fdysb2</sha1>
</revision>
</page>
<page>
<title>犬</title>
<ns>0</ns>
<id>8</id>
<revision>
    <id>5958251</id>
    <parentid>5471430</parentid>
    <timestamp>2017-04-28T03:00:15Z</timestamp>
    <contributor>
        <username>OctraBot</username>
        <id>49702</id>
    </contributor>
    <minor />
    <comment>Bot: Czyszczenie starych linków interwiki</comment>
    <model>wikitext</model>
    <format>text/x-wiki</format>
    <text xml:space="preserve">== {{zh|犬}} ({{znak chiński}}) ==
{{klucz}}
{{zch-klucz-link| 94 | 犬 | 0}}
{{kreski}} 4
{{warianty|{{zch-w}}}}
{{kolejność}}
{{zch-komiks}}
{{znaczenia}}
{{etymologia}} {{warianty-obrazek | {{zch-obrazek|o|犬}} | {{zch-obrazek|br|犬}} | {{zch-obrazek|bs|犬}} | {{zch-obrazek|ss|犬}}}}
{{kody|cjz=[[戈]][[大]] (IK)|cr=4303&lt;sub&gt;0&lt;/sub&gt;|u=72ac}}
{{słowniki|kx=0705.270|dkj=20234|dj=1118.140|hdz=21331.010}}
{{uwagi}}
{{źródła}}

== {{zh|犬}} ({{język chiński standardowy}}) ==
[[Plik:Jack Russell Terrier portrait.jpg|thumb|犬 (1.1)]]
{{zapis}}
{{wymowa}} {{pinyin|quǎn|quan3}}; {{zhuyin|ㄑㄩㄢˇ}}
{{znaczenia}}
''rzeczownik''
: (1.1) {{zool}} [[pies]]
{{odmiana}}
{{przykłady}}
: (1.1)
{{składnia}}
{{kolokacje}}
: (1.1) [[鬥]]犬 (dòu quǎn) → [[urządzać]] [[walka|walki]] psów • [[警]]犬 (jǐngquǎn) → pies [[policyjny]] • [[狂]]犬[[病]] (kuángquǎnbìng) → [[wścieklizna]] • [[獵]]犬 (lièquǎn) → pies [[myśliwski]] • [[牧]][[羊]]犬 (mùyángquǎn) → pies [[pasterski]], [[owczarek]]
{{synonimy}}
: (1.1) [[狗]] (gǒu)
{{antonimy}}
{{hiperonimy}}
{{hiponimy}}
{{holonimy}}
{{meronimy}}
{{złożenia}}
{{pokrewne}}
{{frazeologia}}
{{etymologia}}
{{uwagi}} Znak 犬 używany jest we współczesnym języku chińskim tylko w ustalonych wyrażeniach i zwrotach, przede wszystkim o charakterze formalnym, w nazwach ras psów i pełnionych przez psy funkcji. Potocznie na określenie psa używa się jedynie wyrazu [[狗]].
{{źródła}}

== {{ja|犬}} ({{język japoński}}) ==
{{transliteracja}}
{{czytania}} {{on}}: けん (ken); {{kun}}: [[いぬ]] (inu), いぬ- (inu-)
{{wymowa}}
{{znaczenia}}
''rzeczownik''
: (1.1) [[pies]]
{{odmiana}}
{{przykłady}}
: (1.1)
{{składnia}}
{{kolokacje}}
: (1.1) [[警察]]犬 ([[けいさつ]]けん, keisatsu-ken) → '''[[pies]]''' [[policyjny]]
: (1.1) [[盲導犬]] ([[もうどうけん]], mōdō-ken) → '''[[pies]]''' [[przewodnik]] ([[dla]] [[osoba|osoby]] [[niewidomy|niewidomej]])
: (1.1) [[仔犬]], [[子犬]], [[小犬]] ([[こいぬ]], koinu) → [[szczeniak]]
: (1.1) [[犬小屋]] ([[いぬごや]], inugoya) → [[buda]]
{{synonimy}}
{{antonimy}}
{{hiperonimy}}
{{hiponimy}}
{{holonimy}}
{{meronimy}}
{{złożenia}}
{{pokrewne}}
{{frazeologia}}
{{etymologia}}
{{uwagi}}
: {{JLPT|4|1}}
: liczba kresek - 4
{{źródła}}

== {{ko|犬}} ({{język koreański}}) ==
{{transliteracja}}
{{kreski}} 4
{{wymowa}} {{IPA3|kjən}}
{{znaczenia}}
''rzeczownik''
: (1.1) {{zob|[[견]] ([[pies]])}}
{{odmiana}}
{{przykłady}}
: (1.1)
{{składnia}}
{{kolokacje}}
{{synonimy}}
{{antonimy}}
{{hiperonimy}}
{{hiponimy}}
{{holonimy}}
{{meronimy}}
{{złożenia}} [[犬猿]], [[犬齒]], [[犬兎之爭]], [[軍犬]], [[愛犬]], [[愛犬家]], [[愛玩犬]], [[鬪犬]]
{{pokrewne}}
{{frazeologia}}
{{etymologia}} {{zob-etym-zch}}
{{hanja}}
{{uwagi}} {{kor-klasa|4I}}; {{kor-gim}}
{{źródła}}</text>
    <sha1>1lznw0hfjvxxyga4dhi38stz7lt50dv</sha1>
</revision>
</page>
<page>
<title>Aneks:Język polski</title>
<ns>100</ns>
<id>9</id>
<redirect title="Kategoria:Język polski" />
<revision>
    <id>117129</id>
    <parentid>59150</parentid>
    <timestamp>2005-08-28T22:44:37Z</timestamp>
    <contributor>
        <username>Conversion script</username>
        <id>0</id>
    </contributor>
    <minor />
    <comment>Aneks:Język polski przeniesiono do aneks:Język polski</comment>
    <model>wikitext</model>
    <format>text/x-wiki</format>
    <text xml:space="preserve">#REDIRECT [[:Kategoria:Język polski]]</text>
    <sha1>g0jhzov3mdtjvd81g3trlfvww82c178</sha1>
</revision>
</page>
<page>
<title>Aneks:Język niemiecki</title>
<ns>100</ns>
<id>10</id>
<redirect title="Kategoria:Język niemiecki" />
<revision>
    <id>244080</id>
    <parentid>117111</parentid>
    <timestamp>2006-04-11T12:50:17Z</timestamp>
    <contributor>
        <username>Blasfemia</username>
        <id>506</id>
    </contributor>
    <comment>Ukrycie linka do aneksu na głownej stronie języka.</comment>
    <model>wikitext</model>
    <format>text/x-wiki</format>
    <text xml:space="preserve">#REDIRECT [[:Kategoria:Język niemiecki]]</text>
    <sha1>acpxkvlf1leqlwi74l6ewmdwmk9lijk</sha1>
</revision>
</page>
<page>
<title>Aneks:Język angielski</title>
<ns>100</ns>
<id>11</id>
<redirect title="Kategoria:Język angielski" />
<revision>
    <id>244076</id>
    <parentid>244075</parentid>
    <timestamp>2006-04-11T12:34:48Z</timestamp>
    <contributor>
        <username>Blasfemia</username>
        <id>506</id>
    </contributor>
    <comment>Test.</comment>
    <model>wikitext</model>
    <format>text/x-wiki</format>
    <text xml:space="preserve">#REDIRECT [[:Kategoria:Język angielski]]</text>
    <sha1>d4kgw9rv6qwa45myz3guml2wbnzpkia</sha1>
</revision>
</page>
<page>
<title>Szablon:odmiana</title>
<ns>10</ns>
<id>17</id>
<revision>
    <id>2047552</id>
    <parentid>1939976</parentid>
    <timestamp>2011-04-22T11:38:23Z</timestamp>
    <contributor>
        <username>Olaf</username>
        <id>18</id>
    </contributor>
    <comment>Zakończenie znacznika DFN (HTML-owe oznaczenie definicji). Rozpoczęcie znacznika jest w szablonie znaczenia</comment>
    <model>wikitext</model>
    <format>text/x-wiki</format>
    <text xml:space="preserve">&lt;includeonly&gt;&lt;/dfn&gt;&lt;/includeonly&gt;{{pole
|nazwa=  odmiana
|dopisek=:
|link=   Wikisłownik:Zasady tworzenia haseł/Odmiana{{#if:{{{1|}}}|{{#ifexist:Wikisłownik:Zasady tworzenia haseł/Odmiana/{{ucfirst:{{{1}}}}}|/{{ucfirst:{{{1}}}}}}}}}
|linki=  obcy
}}&lt;noinclude&gt;

{{tłumaczenie interfejsu|{{PAGENAME}}}}
----
Zobacz też: [[Szablon:hasło]] (umiejscowienie szablonu w strukturze hasła)

[[Kategoria:Szablony szablonów haseł|{{PAGENAME}}]]
&lt;/noinclude&gt;</text>
    <sha1>ed52bxc69maqkwiqmfcbw218xxkfugc</sha1>
</revision>
</page>
<page>
<title>zamek</title>
<ns>0</ns>
<id>20</id>
<revision>
    <id>5836287</id>
    <parentid>5429436</parentid>
    <timestamp>2017-04-27T07:48:39Z</timestamp>
    <contributor>
        <username>OctraBot</username>
        <id>49702</id>
    </contributor>
    <minor />
    <comment>Bot: Czyszczenie starych linków interwiki</comment>
    <model>wikitext</model>
    <format>text/x-wiki</format>
    <text xml:space="preserve">{{podobne|zámek}}
== zamek ({{język polski}}) ==
[[Plik:Hrad Rabí, letecký snímek (cropped).jpg|thumb|zamek (1.1)]]
[[Plik:Sleutels in slot.jpg|thumb|zamek (1.2)]]
[[Plik:YKK Zipper on Jeans.JPG|thumb|zamek (1.3)]]
[[Plik:M109BREECH.JPG|thumb|zamek (1.4)]]
{{wymowa}} {{audio|Pl-zamek.ogg}}, {{IPA3|ˈzãmɛk}}, {{AS3|z'''ã'''mek}}, {{objaśnienie wymowy|NAZAL}}
{{znaczenia}}
''rzeczownik, rodzaj męskorzeczowy''
: (1.1) {{archit}} {{bud}} [[budynek]] [[warowny]]; {{wikipedia}}
: (1.2) {{techn}} [[mechanizm]] [[zamykać|zamykający]] [[drzwi]], [[szuflada|szuflady]]; {{wikipedia|zamek (mechanizm)}}
: (1.3) {{kraw}} [[zapięcie]] [[garderoba|garderoby]], {{zob|[[zamek błyskawiczny]]}}.
: (1.4) {{wojsk}} [[element]] [[składowy]] [[broń palna|broni palnej]]; {{wikipedia|zamek (broń)}}
: (1.5) {{sport}} ''[[w]] [[hokej]]u'': [[zamykać|zamknięcie]] [[przeciwnik]]a [[w]] [[tercja|tercji]], [[gdy]] [[drużyna]] [[atakować|atakująca]] [[rozgrywać|rozgrywa]] [[krążek]] [[w]] [[tercja|tercji]] [[przeciwnik]]a [[nie]] [[pozwalać|pozwalając]] [[on|mu]] [[wyjść]] [[poza]] [[niebieski|niebieską]] [[linia|linię]]
{{odmiana}}
: (1.1) {{odmiana-rzeczownik-polski
|Mianownik lp = zamek
|Dopełniacz lp = zamku
|Celownik lp = zamkowi
|Biernik lp = zamek
|Narzędnik lp = zamkiem
|Miejscownik lp = zamku
|Wołacz lp = zamku
|Mianownik lm = zamki
|Dopełniacz lm = zamków
|Celownik lm = zamkom
|Biernik lm = zamki
|Narzędnik lm = zamkami
|Miejscownik lm = zamkach
|Wołacz lm = zamki
}}
: (1.2-4) {{odmiana-rzeczownik-polski
|Mianownik lp = zamek
|Dopełniacz lp = zamka/zamku
|Celownik lp = zamkowi
|Biernik lp = zamek
|Narzędnik lp = zamkiem
|Miejscownik lp = zamku
|Wołacz lp = zamku
|Mianownik lm = zamki
|Dopełniacz lm = zamków
|Celownik lm = zamkom
|Biernik lm = zamki
|Narzędnik lm = zamkami
|Miejscownik lm = zamkach
|Wołacz lm = zamki
}}
{{przykłady}}
: (1.1) ''[[hrabia|Hrabia]] [[mieszkać|mieszkał]] [[w]] [[zamek|zamku]].''
: (1.2) ''[[zamek|Zamek]] [[w]] [[drzwi]]ach [[zaciąć się|się zaciął]].''
: (1.2) ''[[który|Który]] [[klucz]] [[pasować|pasuje]] [[do]] [[ten|tego]] [[zamek|zamka]]?''
: (1.3) ''[[woleć|Wolałabym]] [[spódnica|spódnicę]] [[z]] [[dyskretny|dyskretniejszym]] [[zamek|zamkiem]].''
: (1.4) ''[[nie|Nie]] [[móc|mogłem]] [[strzelać|strzelić]], [[zamek]] [[karabin]]u [[być|był]] [[zacinać|zacięty]].''
{{składnia}}
{{kolokacje}}
: (1.1) zamek [[warowny]] • [[budować]] / [[zdobywać]] / [[oblegać]] zamek
: (1.3) [[rozpiąć]] / [[rozpinać]] / [[zapinać]] / [[zapiąć]] zamek
{{synonimy}}
: (1.1) [[warownia]], [[twierdza]], [[forteca]]
: (1.2) [[antaba]], [[kłódka]], [[skobel]], [[zasuwa]]
: (1.3) [[zamek błyskawiczny]], [[suwak]], [[ekler]]
{{antonimy}}
{{hiperonimy}}
{{hiponimy}}
: (1.1) [[kasztel]]
{{holonimy}}
: (1.4) [[pistolet]]
{{meronimy}}
{{pokrewne}}
: {{rzecz}}
:: {{zdrobn}} [[zameczek]] {{m}}
:: {{zgrub}} [[zamczysko]] {{n}}
: {{czas}} [[zamykać]] {{ndk}}, [[zamknąć]] {{dk}}
: {{przym}} [[zamkowy]], [[wokółzamkowy]], [[wewnątrzzamkowy]], [[przyzamkowy]], [[zamykany]]
{{frazeologia}}
: [[budować zamki na piasku]] / [[budować zamki na lodzie]]
{{etymologia}}
: (1.1) Kalka z {{niem}} [[Schloss]] (pierwotnie słowo ''zamek'' miało tylko w języku polskim znaczenie 'mechanizm służący do zamykania'; w języku niemieckim zaś także znaczenie 'budowla obronna')&lt;ref&gt;Edward Łuczyński, Jolanta Maćkiewicz, ''Językoznawstwo ogólne. Wybrane zagadnienia'', wyd. II rozszerzone i uzupełnione, Wydawnictwo Uniwersytetu Gdańskiego, Gdańsk 2002, s. 114, 115.&lt;/ref&gt;
: (1.1) źródłosłów dla {{źródło dla|białorus|замак}}
: (1.2) {{etymn|pol|zamykać}}
{{uwagi}}
: {{wikipedia|zamek (ujednoznacznienie)}}
: (1.3) zobacz też: [[Indeks:Polski - Ubrania]]
{{tłumaczenia}}
* angielski: (1.1) [[castle]]; (1.2) [[lock]]; (1.3) [[fastener]], {{bryt}} [[zip]], {{amer}} [[zipper]]
* arabski: (1.1) [[قلعة]] {{f}}, [[قصر]] {{m}}; (1.2) [[قفل]] {{m}}, {{algierarab|[[زكرون]]}}
* baskijski: (1.1) [[gaztelu]]; (1.2) [[sarraila]], [[zarrapo]]; (1.3) [[kremailera]]
* białoruski: (1.1) [[замак]] {{m}}; (1.2) [[замок]] {{f}}; (1.3) [[засцежка]] {{m}}; (1.4) [[замок]]
* bretoński: (1.1) [[kastell]] {{m}}
* czeski: (1.1) [[hrad]] {{m}}; (1.2) [[zámek]] {{m}}; (1.3) [[zip]] {{m}}; (1.4) [[zámek]] {{m}}
* duński: (1.1) [[slot]] {{n}}; (1.2) [[lås]] {{w}}; (1.3) [[lynlås]] {{w}}
* esperanto: (1.1) [[kastelo]]; (1.2) [[seruro]]
* francuski: (1.1) [[château]] {{m}}; (1.2) [[serrure]] {{f}}; (1.3) [[fermeture éclair]] {{f}}; (1.4) [[verrou]] {{m}}
* fryzyjski: (1.1) [[kastiel]]
* hiszpański: (1.1) [[castillo]] {{m}}, [[alcázar]] {{m}}; (1.2) [[cerradura]] {{f}}; (1.3) [[cremallera]] {{f}}; (1.4) [[cerrojo]] {{m}}
* holenderski: (1.1) [[kasteel]]
* islandzki: (1.1) [[borg]] {{f}}; (1.2) [[lás]] {{n}}; (1.3) [[rennilás]] {{n}}, [[lás]] {{n}}
* jidysz: (1.1,2) [[שלאָס]] {{m}} (szlos); (1.3) [[שלעסל]] {{n}} (szlesl), [[בליצשלעסל]] {{n}} (blicszlesl)
* kataloński: (1.1) [[castell]] {{m}}
* litewski: (1.1) [[pilis]] {{f}}; (1.2) [[spyna]] {{f}}
* łaciński: (1.1) [[castellum]] {{n}}, [[castrum]] {{n}}
* łotewski: (1.1) [[pils]]
* maltański: (1.1) [[kastell]] {{m}}
* niemiecki: (1.1) [[Burg]] {{f}}, [[Schloss]] {{n}}; (1.2) [[Schloss]] {{n}}; (1.3) [[Reißverschluss]] {{m}}
* polski język migowy:{{PJM-ukryj|{{PJM-head}}{{PJM1|zamek|zamek (1.1)|2|1}}}}
* portugalski: (1.1) [[castelo]] {{m}}; (1.2) [[fechadura]] {{f}}; (1.3) [[fecho]] {{m}}
* rosyjski: (1.1) [[замок]] {{m}}; (1.2) [[замок]] {{m}}; (1.3) [[замок]] {{m}}, [[молния]]
* słowacki: (1.1) [[hrad]] {{m}}
* szwedzki: (1.1) [[slott]] {{n}}, [[borg]] {{w}}
* ukraiński: (1.1) [[замок]] {{m}}; (1.2) [[замок]] {{m}}; (1.3) [[застіжка]] {{f}}, [[застібка]] {{f}}, [[блискавка]] {{f}}
* wilamowski: (1.1) [[śłös]] {{n}}, [[śłöös]]; (1.2) [[śłös]] {{n}}, [[śłöös]]
{{źródła}}
&lt;references /&gt;</text>
    <sha1>d3dciq8nyxjicc6l01old38vd5k8f98</sha1>
</revision>
</page>
</wiki>
